<?xml version="1.0" encoding="UTF-8"?>
<Patient xmlns="http://hl7.org/fhir">
    <id value="test-example-patient-identifier-r"/>
    <meta>
        <profile
            value="http://hl7.org.au/fhir/StructureDefinition/patient-ident-choice-med-testident"/>
    </meta>
    <identifier>
        <system value="urn:ietf:rfc:3986"/>
        <value value="urn:uuid:79a2fc1b-cbb2-4e88-984b-7ec6bbe2a9c7"/>
    </identifier>
</Patient>
