<?xml version="1.0" encoding="UTF-8"?>
<Patient xmlns="http://hl7.org/fhir">
    <id value="test-example-patient-testident-g"/>
    <meta>
        <profile
            value="http://hl7.org.au/fhir/StructureDefinition/au-patient-ident-choice"/>
    </meta>
    <identifier>
        <system value="http://test.identifier.org/id/patient-identifier"/>
        <value value="123456"/>
    </identifier>
</Patient>
