<?xml version="1.0" encoding="UTF-8"?>
<Patient xmlns="http://hl7.org/fhir">
    <id value="test-example-patient-mult-medicare-testident-t"/>
    <meta>
        <profile
            value="http://hl7.org.au/fhir/StructureDefinition/patient-ident-slice-med-testident"/>
    </meta>
    <identifier>
        <type>
            <coding>
                <system value="http://terminology.hl7.org/CodeSystem/v2-0203"/>
                <code value="MC"/>
                <display value="Patient's Medicare Number"/>
            </coding>
            <text value="Medicare Number"/>
        </type>
        <system value="http://ns.electronichealth.net.au/id/medicare-number"/>
        <value value="32788511952"/>
        <period>
            <end value="2019-05"/>
        </period>
    </identifier>
    <identifier>
        <type>
            <coding>
                <system value="http://terminology.hl7.org/CodeSystem/v2-0203"/>
                <code value="MC"/>
                <display value="Patient's Medicare Number"/>
            </coding>
            <text value="Medicare Number"/>
        </type>
        <system value="http://ns.electronichealth.net.au/id/medicare-number"/>
        <value value="32788511952"/>
        <period>
            <end value="2019-05"/>
        </period>
    </identifier>
    <identifier>
        <system value="http://test.identifier.org/id/patient-identifier"/>
        <value value="123456"/>
    </identifier>
    <identifier>
        <system value="http://test.identifier.org/id/patient-identifier"/>
        <value value="654321"/>
    </identifier>
</Patient>
