<?xml version="1.0" encoding="UTF-8"?>
<Patient xmlns="http://hl7.org/fhir">
    <id value="test-example-patient-ihi-medicare-dva-mr-t"/>
    <meta>
        <profile
            value="http://hl7.org.au/fhir/StructureDefinition/patient-ident-slice-med-testident"/>
    </meta>
    <identifier>
        <extension url="http://hl7.org.au/fhir/StructureDefinition/ihi-status">
            <valueCoding>
                <system value="https://healthterminologies.gov.au/fhir/CodeSystem/ihi-status-1"/>
                <code value="Active"/>
                <display value="Active"/>
            </valueCoding>
        </extension>
        <extension url="http://hl7.org.au/fhir/StructureDefinition/ihi-record-status">
            <valueCoding>
                <system
                    value="https://healthterminologies.gov.au/fhir/CodeSystem/ihi-record-status-1"/>
                <code value="Verified"/>
                <display value="Verified"/>
            </valueCoding>
        </extension>
        <type>
            <coding>
                <system value="http://terminology.hl7.org/CodeSystem/v2-0203"/>
                <code value="NI"/>
                <display value="National unique individual identifier"/>
            </coding>
            <text value="IHI"/>
        </type>
        <system value="http://ns.electronichealth.net.au/id/hi/ihi/1.0"/>
        <value value="8003608166690503"/>
    </identifier>
    <identifier>
        <type>
            <coding>
                <system value="http://terminology.hl7.org/CodeSystem/v2-0203"/>
                <code value="MC"/>
                <display value="Patient's Medicare Number"/>
            </coding>
            <text value="Medicare Number"/>
        </type>
        <system value="http://ns.electronichealth.net.au/id/medicare-number"/>
        <value value="32788511952"/>
        <period>
            <end value="2019-05"/>
        </period>
    </identifier>
    <identifier>
        <type>
            <coding>
                <system value="http://terminology.hl7.org.au/CodeSystem/v2-0203"/>
                <code value="DVG"/>
                <display value="DVA Gold Card Number"/>
            </coding>
            <text value="DVA Number (Gold)"/>
        </type>
        <system value="http://ns.electronichealth.net.au/id/dva"/>
        <value value="NBUR9080"/>
    </identifier>
    <identifier>
        <type>
            <coding>
                <system value="http://terminology.hl7.org/CodeSystem/v2-0203"/>
                <code value="MR"/>
            </coding>
        </type>
        <system value="http://www.croydongpcentre.example.com/patients"/>
        <value value="542181"/>
        <assigner>
            <display value="Croydon GP Centre"/>
        </assigner>
    </identifier>
</Patient>
