<?xml version="1.0" encoding="UTF-8"?>
<Patient xmlns="http://hl7.org/fhir">
    <id value="test-example-patient-local-identifiers-g"/>
    <meta>
        <profile
            value="http://hl7.org.au/fhir/StructureDefinition/au-patient-ident-choice"
        />
    </meta>
    <identifier>
        <type>
            <coding>
                <system value="http://terminology.hl7.org/CodeSystem/v2-0203"/>
                <code value="MR"/>
                <display value="Medical record number"/>
            </coding>
            <text value="Medical Record Number"/>
        </type>
        <system value="http://ns.electronichealth.net.au/id/hpio-scoped/medicalrecord/1.0/8003626566699734" />
        <value value="2338172" />
        <assigner>
            <display value="NSW Hospital"/>
        </assigner>
    </identifier> 
    <identifier>
        <type>
            <coding>
                <system value="http://terminology.hl7.org/CodeSystem/v2-0203"/>
                <code value="PI"/>
                <display value="Patient internal identifier"/>
            </coding>
        </type>
        <system value="https://www.health.nsw.example.org/nsw-hospital/mrn" />
        <value value="2338172" />
        <assigner>
            <display value="NSW Hospital"/>
        </assigner>
    </identifier>
</Patient>
