<?xml version="1.0" encoding="UTF-8"?>
<Patient xmlns="http://hl7.org/fhir">
    <id value="test-example-patient-identifier-value-only-g"/>
    <meta>
        <profile
            value="http://hl7.org.au/fhir/StructureDefinition/au-patient-ident-choice"/>
    </meta>
    <identifier>
        <value value="12345"/>
    </identifier>
</Patient>
