<?xml version="1.0" encoding="UTF-8"?>
<Patient xmlns="http://hl7.org/fhir">
    <id value="test-example-patient-medicare-testident-dva-ai"/>
    <meta>
        <profile
            value="http://hl7.org.au/fhir/StructureDefinition/patient-ident-choice-med-testident"/>
    </meta>
      
    <identifier>
        <type>
            <coding>
                <system value="http://terminology.hl7.org.au/CodeSystem/v2-0203"/>
                <code value="DVG"/>
                <display value="DVA Gold Card Number"/>
            </coding>
            <text value="DVA Number (Gold)"/>
        </type>
        <system value="http://ns.electronichealth.net.au/id/dva"/>
        <value value="NBUR9080"/>
    </identifier>
</Patient>
